build/app/intermediates/manifest_merge_blame_file/debug/manifest-merger-blame-debug-report.txt
1<?xml version="1.0" encoding="utf-8"?>
2<manifest xmlns:android="http://schemas.android.com/apk/res/android"
3    package="com.ariyanrestaurant"
4    android:versionCode="15"
5    android:versionName="1.0.10" >
6
7    <uses-sdk
8        android:minSdkVersion="21"
9        android:targetSdkVersion="34" />
10    <!--
11         The INTERNET permission is required for development. Specifically,
12         the Flutter tool needs it to communicate with the running application
13         to allow setting breakpoints, to provide hot reload, etc.
14    -->
15    <uses-permission android:name="android.permission.INTERNET" />
15-->src/main/AndroidManifest.xml:5:1-63
15-->src/main/AndroidManifest.xml:5:18-60
16    <uses-permission android:name="android.permission.ACCESS_COARSE_LOCATION" />
16-->src/main/AndroidManifest.xml:4:1-77
16-->src/main/AndroidManifest.xml:4:18-74
17    <uses-permission android:name="android.permission.ACCESS_FINE_LOCATION" />
17-->src/main/AndroidManifest.xml:6:1-75
17-->src/main/AndroidManifest.xml:6:18-72
18    <uses-permission android:name="android.permission.ACCESS_LOCATION_EXTRA_COMMANDS" />
18-->src/main/AndroidManifest.xml:7:1-85
18-->src/main/AndroidManifest.xml:7:18-82
19    <uses-permission android:name="android.permission.WAKE_LOCK" />
19-->src/main/AndroidManifest.xml:8:1-64
19-->src/main/AndroidManifest.xml:8:18-61
20    <uses-permission android:name="android.hardware.location.gps" />
20-->src/main/AndroidManifest.xml:9:1-65
20-->src/main/AndroidManifest.xml:9:18-62
21    <uses-permission android:name="android.permission.SCHEDULE_EXACT_ALARM" />
21-->src/main/AndroidManifest.xml:10:1-75
21-->src/main/AndroidManifest.xml:10:18-72
22    <uses-permission android:name="android.permission.USE_EXACT_ALARM" />
22-->src/main/AndroidManifest.xml:11:1-70
22-->src/main/AndroidManifest.xml:11:18-67
23
24    <queries>
24-->src/main/AndroidManifest.xml:56:5-61:15
25        <intent>
25-->src/main/AndroidManifest.xml:57:9-60:18
26            <action android:name="android.intent.action.VIEW" />
26-->src/main/AndroidManifest.xml:58:13-65
26-->src/main/AndroidManifest.xml:58:21-62
27
28            <data android:scheme="tel" />
28-->src/main/AndroidManifest.xml:59:13-42
28-->src/main/AndroidManifest.xml:59:19-39
29        </intent>
30        <intent>
30-->[:flutter_inappwebview] AndroidManifest.xml:10:9-12:18
31            <action android:name="android.support.customtabs.action.CustomTabsService" />
31-->[:flutter_inappwebview] AndroidManifest.xml:11:13-90
31-->[:flutter_inappwebview] AndroidManifest.xml:11:21-87
32        </intent>
33
34        <package android:name="com.google.android.apps.maps" />
34-->[:map_launcher] AndroidManifest.xml:10:9-64
34-->[:map_launcher] AndroidManifest.xml:10:18-61
35        <package android:name="com.google.android.apps.mapslite" />
35-->[:map_launcher] AndroidManifest.xml:11:9-68
35-->[:map_launcher] AndroidManifest.xml:11:18-65
36        <package android:name="com.autonavi.minimap" />
36-->[:map_launcher] AndroidManifest.xml:12:9-56
36-->[:map_launcher] AndroidManifest.xml:12:18-53
37        <package android:name="com.baidu.BaiduMap" />
37-->[:map_launcher] AndroidManifest.xml:13:9-54
37-->[:map_launcher] AndroidManifest.xml:13:18-51
38        <package android:name="com.waze" />
38-->[:map_launcher] AndroidManifest.xml:14:9-44
38-->[:map_launcher] AndroidManifest.xml:14:18-41
39        <package android:name="ru.yandex.yandexnavi" />
39-->[:map_launcher] AndroidManifest.xml:15:9-56
39-->[:map_launcher] AndroidManifest.xml:15:18-53
40        <package android:name="ru.yandex.yandexmaps" />
40-->[:map_launcher] AndroidManifest.xml:16:9-56
40-->[:map_launcher] AndroidManifest.xml:16:18-53
41        <package android:name="com.citymapper.app.release" />
41-->[:map_launcher] AndroidManifest.xml:17:9-62
41-->[:map_launcher] AndroidManifest.xml:17:18-59
42        <package android:name="com.mapswithme.maps.pro" />
42-->[:map_launcher] AndroidManifest.xml:18:9-59
42-->[:map_launcher] AndroidManifest.xml:18:18-56
43        <package android:name="net.osmand" />
43-->[:map_launcher] AndroidManifest.xml:19:9-46
43-->[:map_launcher] AndroidManifest.xml:19:18-43
44        <package android:name="net.osmand.plus" />
44-->[:map_launcher] AndroidManifest.xml:20:9-51
44-->[:map_launcher] AndroidManifest.xml:20:18-48
45        <package android:name="ru.dublgis.dgismobile" />
45-->[:map_launcher] AndroidManifest.xml:21:9-57
45-->[:map_launcher] AndroidManifest.xml:21:18-54
46        <package android:name="com.tencent.map" />
46-->[:map_launcher] AndroidManifest.xml:22:9-51
46-->[:map_launcher] AndroidManifest.xml:22:18-48
47        <package android:name="com.here.app.maps" />
47-->[:map_launcher] AndroidManifest.xml:23:9-53
47-->[:map_launcher] AndroidManifest.xml:23:18-50
48        <package android:name="com.huawei.maps.app" />
48-->[:map_launcher] AndroidManifest.xml:24:9-55
48-->[:map_launcher] AndroidManifest.xml:24:18-52
49    </queries>
50
51    <uses-permission android:name="android.permission.ACCESS_NETWORK_STATE" /> <!-- Permissions options for the `notification` group -->
51-->[:firebase_messaging] AndroidManifest.xml:11:5-79
51-->[:firebase_messaging] AndroidManifest.xml:11:22-76
52    <uses-permission android:name="android.permission.POST_NOTIFICATIONS" />
52-->[:firebase_messaging] AndroidManifest.xml:13:5-77
52-->[:firebase_messaging] AndroidManifest.xml:13:22-74
53    <uses-permission android:name="android.permission.RECEIVE_BOOT_COMPLETED" />
53-->[:flutter_local_notifications] AndroidManifest.xml:9:5-81
53-->[:flutter_local_notifications] AndroidManifest.xml:9:22-78
54    <uses-permission android:name="android.permission.VIBRATE" />
54-->[:flutter_local_notifications] AndroidManifest.xml:10:5-66
54-->[:flutter_local_notifications] AndroidManifest.xml:10:22-63
55    <uses-permission android:name="android.permission.USE_FULL_SCREEN_INTENT" /> <!-- Required by older versions of Google Play services to create IID tokens -->
55-->[:flutter_local_notifications] AndroidManifest.xml:11:5-81
55-->[:flutter_local_notifications] AndroidManifest.xml:11:22-78
56    <uses-permission android:name="com.google.android.c2dm.permission.RECEIVE" />
56-->[com.google.firebase:firebase-messaging:23.3.1] AndroidManifest.xml:26:5-82
56-->[com.google.firebase:firebase-messaging:23.3.1] AndroidManifest.xml:26:22-79
57
58    <uses-feature
58-->[com.google.android.gms:play-services-maps:18.2.0] AndroidManifest.xml:26:5-28:35
59        android:glEsVersion="0x00020000"
59-->[com.google.android.gms:play-services-maps:18.2.0] AndroidManifest.xml:27:9-41
60        android:required="true" />
60-->[com.google.android.gms:play-services-maps:18.2.0] AndroidManifest.xml:28:9-32
61
62    <permission
62-->[androidx.core:core:1.10.1] AndroidManifest.xml:22:5-24:47
63        android:name="com.ariyanrestaurant.DYNAMIC_RECEIVER_NOT_EXPORTED_PERMISSION"
63-->[androidx.core:core:1.10.1] AndroidManifest.xml:23:9-81
64        android:protectionLevel="signature" />
64-->[androidx.core:core:1.10.1] AndroidManifest.xml:24:9-44
65
66    <uses-permission android:name="com.ariyanrestaurant.DYNAMIC_RECEIVER_NOT_EXPORTED_PERMISSION" />
66-->[androidx.core:core:1.10.1] AndroidManifest.xml:26:5-97
66-->[androidx.core:core:1.10.1] AndroidManifest.xml:26:22-94
67
68    <application
69        android:name="android.app.Application"
70        android:appComponentFactory="androidx.core.app.CoreComponentFactory"
70-->[androidx.core:core:1.10.1] AndroidManifest.xml:28:18-86
71        android:debuggable="true"
72        android:icon="@mipmap/ic_launcher"
73        android:label="AriyanRestaurant" >
74        <activity
75            android:name="com.ariyanrestaurant.MainActivity"
76            android:configChanges="orientation|keyboardHidden|keyboard|screenSize|smallestScreenSize|locale|layoutDirection|fontScale|screenLayout|density|uiMode"
77            android:exported="true"
78            android:hardwareAccelerated="true"
79            android:launchMode="singleTop"
80            android:screenOrientation="portrait"
81            android:theme="@style/LaunchTheme"
82            android:windowSoftInputMode="adjustResize" >
83
84            <!--
85                 Specifies an Android theme to apply to this Activity as soon as
86                 the Android process has started. This theme is visible to the user
87                 while the Flutter UI initializes. After that, this theme continues
88                 to determine the Window background behind the Flutter UI.
89            -->
90            <meta-data
91                android:name="io.flutter.embedding.android.NormalTheme"
92                android:resource="@style/NormalTheme" />
93
94            <intent-filter>
95                <action android:name="android.intent.action.MAIN" />
96
97                <category android:name="android.intent.category.LAUNCHER" />
98            </intent-filter>
99        </activity>
100        <!--
101             Don't delete the meta-data below.
102             This is used by the Flutter tool to generate GeneratedPluginRegistrant.java
103        -->
104        <meta-data
105            android:name="flutterEmbedding"
106            android:value="2" />
107        <meta-data
108            android:name="com.google.firebase.messaging.default_notification_channel_id"
109            android:value="high_importance_channel" />
110
111        <!-- TODO: Add your Google Maps API key here -->
112        <meta-data
113            android:name="com.google.android.geo.API_KEY"
114            android:value="AIzaSyB3S4fcKMcU-Ll9RSPkCiwdk1jXPmrTC_c" />
115
116        <service
116-->[:firebase_messaging] AndroidManifest.xml:16:9-19:72
117            android:name="io.flutter.plugins.firebase.messaging.FlutterFirebaseMessagingBackgroundService"
117-->[:firebase_messaging] AndroidManifest.xml:17:13-107
118            android:exported="false"
118-->[:firebase_messaging] AndroidManifest.xml:18:13-37
119            android:permission="android.permission.BIND_JOB_SERVICE" />
119-->[:firebase_messaging] AndroidManifest.xml:19:13-69
120        <service
120-->[:firebase_messaging] AndroidManifest.xml:20:9-26:19
121            android:name="io.flutter.plugins.firebase.messaging.FlutterFirebaseMessagingService"
121-->[:firebase_messaging] AndroidManifest.xml:21:13-97
122            android:exported="false" >
122-->[:firebase_messaging] AndroidManifest.xml:22:13-37
123            <intent-filter>
123-->[:firebase_messaging] AndroidManifest.xml:23:13-25:29
124                <action android:name="com.google.firebase.MESSAGING_EVENT" />
124-->[:firebase_messaging] AndroidManifest.xml:24:17-78
124-->[:firebase_messaging] AndroidManifest.xml:24:25-75
125            </intent-filter>
126        </service>
127
128        <receiver
128-->[:firebase_messaging] AndroidManifest.xml:28:9-35:20
129            android:name="io.flutter.plugins.firebase.messaging.FlutterFirebaseMessagingReceiver"
129-->[:firebase_messaging] AndroidManifest.xml:29:13-98
130            android:exported="true"
130-->[:firebase_messaging] AndroidManifest.xml:30:13-36
131            android:permission="com.google.android.c2dm.permission.SEND" >
131-->[:firebase_messaging] AndroidManifest.xml:31:13-73
132            <intent-filter>
132-->[:firebase_messaging] AndroidManifest.xml:32:13-34:29
133                <action android:name="com.google.android.c2dm.intent.RECEIVE" />
133-->[:firebase_messaging] AndroidManifest.xml:33:17-81
133-->[:firebase_messaging] AndroidManifest.xml:33:25-78
134            </intent-filter>
135        </receiver>
136
137        <service
137-->[:firebase_messaging] AndroidManifest.xml:37:9-41:19
138            android:name="com.google.firebase.components.ComponentDiscoveryService"
138-->[:firebase_messaging] AndroidManifest.xml:37:18-89
139            android:directBootAware="true"
139-->[com.google.firebase:firebase-common:20.4.2] AndroidManifest.xml:32:13-43
140            android:exported="false" >
140-->[com.google.firebase:firebase-messaging:23.3.1] AndroidManifest.xml:56:13-37
141            <meta-data
141-->[:firebase_messaging] AndroidManifest.xml:38:13-40:85
142                android:name="com.google.firebase.components:io.flutter.plugins.firebase.messaging.FlutterFirebaseAppRegistrar"
142-->[:firebase_messaging] AndroidManifest.xml:39:17-128
143                android:value="com.google.firebase.components.ComponentRegistrar" />
143-->[:firebase_messaging] AndroidManifest.xml:40:17-82
144            <meta-data
144-->[:firebase_core] AndroidManifest.xml:11:13-13:85
145                android:name="com.google.firebase.components:io.flutter.plugins.firebase.core.FlutterFirebaseCoreRegistrar"
145-->[:firebase_core] AndroidManifest.xml:12:17-124
146                android:value="com.google.firebase.components.ComponentRegistrar" />
146-->[:firebase_core] AndroidManifest.xml:13:17-82
147            <meta-data
147-->[com.google.firebase:firebase-messaging:23.3.1] AndroidManifest.xml:57:13-59:85
148                android:name="com.google.firebase.components:com.google.firebase.messaging.FirebaseMessagingKtxRegistrar"
148-->[com.google.firebase:firebase-messaging:23.3.1] AndroidManifest.xml:58:17-122
149                android:value="com.google.firebase.components.ComponentRegistrar" />
149-->[com.google.firebase:firebase-messaging:23.3.1] AndroidManifest.xml:59:17-82
150            <meta-data
150-->[com.google.firebase:firebase-messaging:23.3.1] AndroidManifest.xml:60:13-62:85
151                android:name="com.google.firebase.components:com.google.firebase.messaging.FirebaseMessagingRegistrar"
151-->[com.google.firebase:firebase-messaging:23.3.1] AndroidManifest.xml:61:17-119
152                android:value="com.google.firebase.components.ComponentRegistrar" />
152-->[com.google.firebase:firebase-messaging:23.3.1] AndroidManifest.xml:62:17-82
153            <meta-data
153-->[com.google.firebase:firebase-iid:21.1.0] AndroidManifest.xml:32:13-34:85
154                android:name="com.google.firebase.components:com.google.firebase.iid.Registrar"
154-->[com.google.firebase:firebase-iid:21.1.0] AndroidManifest.xml:33:17-96
155                android:value="com.google.firebase.components.ComponentRegistrar" />
155-->[com.google.firebase:firebase-iid:21.1.0] AndroidManifest.xml:34:17-82
156            <meta-data
156-->[com.google.firebase:firebase-installations:17.2.0] AndroidManifest.xml:15:13-17:85
157                android:name="com.google.firebase.components:com.google.firebase.installations.FirebaseInstallationsKtxRegistrar"
157-->[com.google.firebase:firebase-installations:17.2.0] AndroidManifest.xml:16:17-130
158                android:value="com.google.firebase.components.ComponentRegistrar" />
158-->[com.google.firebase:firebase-installations:17.2.0] AndroidManifest.xml:17:17-82
159            <meta-data
159-->[com.google.firebase:firebase-installations:17.2.0] AndroidManifest.xml:18:13-20:85
160                android:name="com.google.firebase.components:com.google.firebase.installations.FirebaseInstallationsRegistrar"
160-->[com.google.firebase:firebase-installations:17.2.0] AndroidManifest.xml:19:17-127
161                android:value="com.google.firebase.components.ComponentRegistrar" />
161-->[com.google.firebase:firebase-installations:17.2.0] AndroidManifest.xml:20:17-82
162            <meta-data
162-->[com.google.firebase:firebase-common-ktx:20.4.2] AndroidManifest.xml:12:13-14:85
163                android:name="com.google.firebase.components:com.google.firebase.ktx.FirebaseCommonLegacyRegistrar"
163-->[com.google.firebase:firebase-common-ktx:20.4.2] AndroidManifest.xml:13:17-116
164                android:value="com.google.firebase.components.ComponentRegistrar" />
164-->[com.google.firebase:firebase-common-ktx:20.4.2] AndroidManifest.xml:14:17-82
165            <meta-data
165-->[com.google.firebase:firebase-common:20.4.2] AndroidManifest.xml:35:13-37:85
166                android:name="com.google.firebase.components:com.google.firebase.FirebaseCommonKtxRegistrar"
166-->[com.google.firebase:firebase-common:20.4.2] AndroidManifest.xml:36:17-109
167                android:value="com.google.firebase.components.ComponentRegistrar" />
167-->[com.google.firebase:firebase-common:20.4.2] AndroidManifest.xml:37:17-82
168            <meta-data
168-->[com.google.firebase:firebase-datatransport:18.1.7] AndroidManifest.xml:27:13-29:85
169                android:name="com.google.firebase.components:com.google.firebase.datatransport.TransportRegistrar"
169-->[com.google.firebase:firebase-datatransport:18.1.7] AndroidManifest.xml:28:17-115
170                android:value="com.google.firebase.components.ComponentRegistrar" />
170-->[com.google.firebase:firebase-datatransport:18.1.7] AndroidManifest.xml:29:17-82
171        </service>
172
173        <provider
173-->[:firebase_messaging] AndroidManifest.xml:43:9-47:38
174            android:name="io.flutter.plugins.firebase.messaging.FlutterFirebaseMessagingInitProvider"
174-->[:firebase_messaging] AndroidManifest.xml:44:13-102
175            android:authorities="com.ariyanrestaurant.flutterfirebasemessaginginitprovider"
175-->[:firebase_messaging] AndroidManifest.xml:45:13-88
176            android:exported="false"
176-->[:firebase_messaging] AndroidManifest.xml:46:13-37
177            android:initOrder="99" />
177-->[:firebase_messaging] AndroidManifest.xml:47:13-35
178
179        <service
179-->[:geolocator_android] AndroidManifest.xml:10:9-14:56
180            android:name="com.baseflow.geolocator.GeolocatorLocationService"
180-->[:geolocator_android] AndroidManifest.xml:11:13-77
181            android:enabled="true"
181-->[:geolocator_android] AndroidManifest.xml:12:13-35
182            android:exported="false"
182-->[:geolocator_android] AndroidManifest.xml:13:13-37
183            android:foregroundServiceType="location" />
183-->[:geolocator_android] AndroidManifest.xml:14:13-53
184
185        <provider
185-->[:image_picker_android] AndroidManifest.xml:10:9-18:20
186            android:name="io.flutter.plugins.imagepicker.ImagePickerFileProvider"
186-->[:image_picker_android] AndroidManifest.xml:11:13-82
187            android:authorities="com.ariyanrestaurant.flutter.image_provider"
187-->[:image_picker_android] AndroidManifest.xml:12:13-74
188            android:exported="false"
188-->[:image_picker_android] AndroidManifest.xml:13:13-37
189            android:grantUriPermissions="true" >
189-->[:image_picker_android] AndroidManifest.xml:14:13-47
190            <meta-data
190-->[:image_picker_android] AndroidManifest.xml:15:13-17:75
191                android:name="android.support.FILE_PROVIDER_PATHS"
191-->[:image_picker_android] AndroidManifest.xml:16:17-67
192                android:resource="@xml/flutter_image_picker_file_paths" />
192-->[:image_picker_android] AndroidManifest.xml:17:17-72
193        </provider>
194
195        <receiver
195-->[:flutter_local_notifications] AndroidManifest.xml:16:9-18:40
196            android:name="com.dexterous.flutterlocalnotifications.ScheduledNotificationReceiver"
196-->[:flutter_local_notifications] AndroidManifest.xml:17:13-97
197            android:exported="false" />
197-->[:flutter_local_notifications] AndroidManifest.xml:18:13-37
198        <receiver
198-->[:flutter_local_notifications] AndroidManifest.xml:19:9-28:20
199            android:name="com.dexterous.flutterlocalnotifications.ScheduledNotificationBootReceiver"
199-->[:flutter_local_notifications] AndroidManifest.xml:20:13-101
200            android:exported="false" >
200-->[:flutter_local_notifications] AndroidManifest.xml:21:13-37
201            <intent-filter>
201-->[:flutter_local_notifications] AndroidManifest.xml:22:13-27:29
202                <action android:name="android.intent.action.BOOT_COMPLETED" />
202-->[:flutter_local_notifications] AndroidManifest.xml:23:17-79
202-->[:flutter_local_notifications] AndroidManifest.xml:23:25-76
203                <action android:name="android.intent.action.MY_PACKAGE_REPLACED" />
203-->[:flutter_local_notifications] AndroidManifest.xml:24:17-84
203-->[:flutter_local_notifications] AndroidManifest.xml:24:25-81
204                <action android:name="android.intent.action.QUICKBOOT_POWERON" />
204-->[:flutter_local_notifications] AndroidManifest.xml:25:17-82
204-->[:flutter_local_notifications] AndroidManifest.xml:25:25-79
205                <action android:name="com.htc.intent.action.QUICKBOOT_POWERON" />
205-->[:flutter_local_notifications] AndroidManifest.xml:26:17-82
205-->[:flutter_local_notifications] AndroidManifest.xml:26:25-79
206            </intent-filter>
207        </receiver>
208
209        <activity
209-->[:url_launcher_android] AndroidManifest.xml:10:9-13:74
210            android:name="io.flutter.plugins.urllauncher.WebViewActivity"
210-->[:url_launcher_android] AndroidManifest.xml:11:13-74
211            android:exported="false"
211-->[:url_launcher_android] AndroidManifest.xml:12:13-37
212            android:theme="@android:style/Theme.NoTitleBar.Fullscreen" />
212-->[:url_launcher_android] AndroidManifest.xml:13:13-71
213        <activity
213-->[:flutter_inappwebview] AndroidManifest.xml:16:9-20:47
214            android:name="com.pichillilorenzo.flutter_inappwebview.in_app_browser.InAppBrowserActivity"
214-->[:flutter_inappwebview] AndroidManifest.xml:17:13-104
215            android:configChanges="orientation|keyboardHidden|keyboard|screenSize|locale|layoutDirection|fontScale|screenLayout|density"
215-->[:flutter_inappwebview] AndroidManifest.xml:18:13-137
216            android:exported="false"
216-->[:flutter_inappwebview] AndroidManifest.xml:19:13-37
217            android:theme="@style/AppTheme" />
217-->[:flutter_inappwebview] AndroidManifest.xml:20:13-44
218        <activity
218-->[:flutter_inappwebview] AndroidManifest.xml:21:9-24:55
219            android:name="com.pichillilorenzo.flutter_inappwebview.chrome_custom_tabs.ChromeCustomTabsActivity"
219-->[:flutter_inappwebview] AndroidManifest.xml:22:13-112
220            android:exported="false"
220-->[:flutter_inappwebview] AndroidManifest.xml:23:13-37
221            android:theme="@style/ThemeTransparent" />
221-->[:flutter_inappwebview] AndroidManifest.xml:24:13-52
222        <activity
222-->[:flutter_inappwebview] AndroidManifest.xml:25:9-28:55
223            android:name="com.pichillilorenzo.flutter_inappwebview.chrome_custom_tabs.TrustedWebActivity"
223-->[:flutter_inappwebview] AndroidManifest.xml:26:13-106
224            android:exported="false"
224-->[:flutter_inappwebview] AndroidManifest.xml:27:13-37
225            android:theme="@style/ThemeTransparent" />
225-->[:flutter_inappwebview] AndroidManifest.xml:28:13-52
226        <activity
226-->[:flutter_inappwebview] AndroidManifest.xml:29:9-33:55
227            android:name="com.pichillilorenzo.flutter_inappwebview.chrome_custom_tabs.ChromeCustomTabsActivitySingleInstance"
227-->[:flutter_inappwebview] AndroidManifest.xml:30:13-126
228            android:exported="false"
228-->[:flutter_inappwebview] AndroidManifest.xml:31:13-37
229            android:launchMode="singleInstance"
229-->[:flutter_inappwebview] AndroidManifest.xml:32:13-48
230            android:theme="@style/ThemeTransparent" />
230-->[:flutter_inappwebview] AndroidManifest.xml:33:13-52
231        <activity
231-->[:flutter_inappwebview] AndroidManifest.xml:34:9-38:55
232            android:name="com.pichillilorenzo.flutter_inappwebview.chrome_custom_tabs.TrustedWebActivitySingleInstance"
232-->[:flutter_inappwebview] AndroidManifest.xml:35:13-120
233            android:exported="false"
233-->[:flutter_inappwebview] AndroidManifest.xml:36:13-37
234            android:launchMode="singleInstance"
234-->[:flutter_inappwebview] AndroidManifest.xml:37:13-48
235            android:theme="@style/ThemeTransparent" />
235-->[:flutter_inappwebview] AndroidManifest.xml:38:13-52
236
237        <receiver
237-->[:flutter_inappwebview] AndroidManifest.xml:40:9-43:40
238            android:name="com.pichillilorenzo.flutter_inappwebview.chrome_custom_tabs.ActionBroadcastReceiver"
238-->[:flutter_inappwebview] AndroidManifest.xml:41:13-111
239            android:enabled="true"
239-->[:flutter_inappwebview] AndroidManifest.xml:42:13-35
240            android:exported="false" />
240-->[:flutter_inappwebview] AndroidManifest.xml:43:13-37
241
242        <meta-data
242-->[:flutter_inappwebview] AndroidManifest.xml:45:9-47:36
243            android:name="io.flutter.embedded_views_preview"
243-->[:flutter_inappwebview] AndroidManifest.xml:46:13-61
244            android:value="true" />
244-->[:flutter_inappwebview] AndroidManifest.xml:47:13-33
245
246        <receiver
246-->[com.google.firebase:firebase-messaging:23.3.1] AndroidManifest.xml:29:9-40:20
247            android:name="com.google.firebase.iid.FirebaseInstanceIdReceiver"
247-->[com.google.firebase:firebase-messaging:23.3.1] AndroidManifest.xml:30:13-78
248            android:exported="true"
248-->[com.google.firebase:firebase-messaging:23.3.1] AndroidManifest.xml:31:13-36
249            android:permission="com.google.android.c2dm.permission.SEND" >
249-->[com.google.firebase:firebase-messaging:23.3.1] AndroidManifest.xml:32:13-73
250            <intent-filter>
250-->[:firebase_messaging] AndroidManifest.xml:32:13-34:29
251                <action android:name="com.google.android.c2dm.intent.RECEIVE" />
251-->[:firebase_messaging] AndroidManifest.xml:33:17-81
251-->[:firebase_messaging] AndroidManifest.xml:33:25-78
252            </intent-filter>
253
254            <meta-data
254-->[com.google.firebase:firebase-messaging:23.3.1] AndroidManifest.xml:37:13-39:40
255                android:name="com.google.android.gms.cloudmessaging.FINISHED_AFTER_HANDLED"
255-->[com.google.firebase:firebase-messaging:23.3.1] AndroidManifest.xml:38:17-92
256                android:value="true" />
256-->[com.google.firebase:firebase-messaging:23.3.1] AndroidManifest.xml:39:17-37
257        </receiver>
258        <!--
259             FirebaseMessagingService performs security checks at runtime,
260             but set to not exported to explicitly avoid allowing another app to call it.
261        -->
262        <service
262-->[com.google.firebase:firebase-messaging:23.3.1] AndroidManifest.xml:46:9-53:19
263            android:name="com.google.firebase.messaging.FirebaseMessagingService"
263-->[com.google.firebase:firebase-messaging:23.3.1] AndroidManifest.xml:47:13-82
264            android:directBootAware="true"
264-->[com.google.firebase:firebase-messaging:23.3.1] AndroidManifest.xml:48:13-43
265            android:exported="false" >
265-->[com.google.firebase:firebase-messaging:23.3.1] AndroidManifest.xml:49:13-37
266            <intent-filter android:priority="-500" >
266-->[:firebase_messaging] AndroidManifest.xml:23:13-25:29
267                <action android:name="com.google.firebase.MESSAGING_EVENT" />
267-->[:firebase_messaging] AndroidManifest.xml:24:17-78
267-->[:firebase_messaging] AndroidManifest.xml:24:25-75
268            </intent-filter>
269        </service>
270
271        <provider
271-->[com.google.firebase:firebase-common:20.4.2] AndroidManifest.xml:23:9-28:39
272            android:name="com.google.firebase.provider.FirebaseInitProvider"
272-->[com.google.firebase:firebase-common:20.4.2] AndroidManifest.xml:24:13-77
273            android:authorities="com.ariyanrestaurant.firebaseinitprovider"
273-->[com.google.firebase:firebase-common:20.4.2] AndroidManifest.xml:25:13-72
274            android:directBootAware="true"
274-->[com.google.firebase:firebase-common:20.4.2] AndroidManifest.xml:26:13-43
275            android:exported="false"
275-->[com.google.firebase:firebase-common:20.4.2] AndroidManifest.xml:27:13-37
276            android:initOrder="100" />
276-->[com.google.firebase:firebase-common:20.4.2] AndroidManifest.xml:28:13-36
277
278        <activity
278-->[com.google.android.gms:play-services-auth:20.4.0] AndroidManifest.xml:23:9-27:75
279            android:name="com.google.android.gms.auth.api.signin.internal.SignInHubActivity"
279-->[com.google.android.gms:play-services-auth:20.4.0] AndroidManifest.xml:24:13-93
280            android:excludeFromRecents="true"
280-->[com.google.android.gms:play-services-auth:20.4.0] AndroidManifest.xml:25:13-46
281            android:exported="false"
281-->[com.google.android.gms:play-services-auth:20.4.0] AndroidManifest.xml:26:13-37
282            android:theme="@android:style/Theme.Translucent.NoTitleBar" />
282-->[com.google.android.gms:play-services-auth:20.4.0] AndroidManifest.xml:27:13-72
283        <!--
284            Service handling Google Sign-In user revocation. For apps that do not integrate with
285            Google Sign-In, this service will never be started.
286        -->
287        <service
287-->[com.google.android.gms:play-services-auth:20.4.0] AndroidManifest.xml:33:9-37:51
288            android:name="com.google.android.gms.auth.api.signin.RevocationBoundService"
288-->[com.google.android.gms:play-services-auth:20.4.0] AndroidManifest.xml:34:13-89
289            android:exported="true"
289-->[com.google.android.gms:play-services-auth:20.4.0] AndroidManifest.xml:35:13-36
290            android:permission="com.google.android.gms.auth.api.signin.permission.REVOCATION_NOTIFICATION"
290-->[com.google.android.gms:play-services-auth:20.4.0] AndroidManifest.xml:36:13-107
291            android:visibleToInstantApps="true" /> <!-- Needs to be explicitly declared on P+ -->
291-->[com.google.android.gms:play-services-auth:20.4.0] AndroidManifest.xml:37:13-48
292        <uses-library
292-->[com.google.android.gms:play-services-maps:18.2.0] AndroidManifest.xml:39:9-41:40
293            android:name="org.apache.http.legacy"
293-->[com.google.android.gms:play-services-maps:18.2.0] AndroidManifest.xml:40:13-50
294            android:required="false" />
294-->[com.google.android.gms:play-services-maps:18.2.0] AndroidManifest.xml:41:13-37
295
296        <activity